<?xml version="1.0" encoding="UTF-8"?>
<testsuite name="com.wakaba.service.GoalServiceTest" tests="12" skipped="0" failures="0" errors="0" timestamp="2026-05-02T02:20:15.553Z" hostname="vm" time="0.027">
  <properties/>
  <testcase name="deleteGoal - 削除対象が存在しないとき false を返す()" classname="com.wakaba.service.GoalServiceTest" time="0.001"/>
  <testcase name="deleteGoal - 他ユーザーのゴールは削除できない()" classname="com.wakaba.service.GoalServiceTest" time="0.001"/>
  <testcase name="getGoalsWithProgress - currentCount が targetCount 未満のとき achieved は false()" classname="com.wakaba.service.GoalServiceTest" time="0.002"/>
  <testcase name="createGoal - targetCount が 0 のとき IllegalArgumentException をスローする()" classname="com.wakaba.service.GoalServiceTest" time="0.003"/>
  <testcase name="getGoalsWithProgress - ゴールが0件のときは空リストを返す()" classname="com.wakaba.service.GoalServiceTest" time="0.001"/>
  <testcase name="getGoalsWithProgress - currentCount が targetCount を超えても achieved は true()" classname="com.wakaba.service.GoalServiceTest" time="0.001"/>
  <testcase name="deleteGoal - 削除対象が存在するとき true を返す()" classname="com.wakaba.service.GoalServiceTest" time="0.001"/>
  <testcase name="createGoal - 正常に作成されると GoalWithProgress を返す()" classname="com.wakaba.service.GoalServiceTest" time="0.001"/>
  <testcase name="createGoal - endDate が startDate より前のとき IllegalArgumentException をスローする()" classname="com.wakaba.service.GoalServiceTest" time="0.001"/>
  <testcase name="createGoal - targetCount が負のとき IllegalArgumentException をスローする()" classname="com.wakaba.service.GoalServiceTest" time="0.001"/>
  <testcase name="getGoalsWithProgress - currentCount が targetCount に等しいとき achieved は true()" classname="com.wakaba.service.GoalServiceTest" time="0.001"/>
  <testcase name="createGoal - startDate と endDate が同日でも有効()" classname="com.wakaba.service.GoalServiceTest" time="0.001"/>
  <system-out><![CDATA[]]></system-out>
  <system-err><![CDATA[]]></system-err>
</testsuite>
