<?xml version="1.0" encoding="UTF-8"?>
<testsuite name="com.wakaba.service.DiscordDigestServiceTest" tests="6" skipped="0" failures="0" errors="0" timestamp="2026-05-02T02:20:15.394Z" hostname="vm" time="0.154">
  <properties/>
  <testcase name="buildDigestPayload - ゴールがある場合に進捗情報を含む()" classname="com.wakaba.service.DiscordDigestServiceTest" time="0.13"/>
  <testcase name="buildDigestPayload - ゴールがない場合にゴール進捗情報を含まない()" classname="com.wakaba.service.DiscordDigestServiceTest" time="0.003"/>
  <testcase name="triggerManual - webhook URL が設定されていないとき false を返す()" classname="com.wakaba.service.DiscordDigestServiceTest" time="0.002"/>
  <testcase name="triggerManual - webhook URL が空文字のとき false を返す()" classname="com.wakaba.service.DiscordDigestServiceTest" time="0.001"/>
  <testcase name="buildDigestPayload - contribution がないとき0カウントのペイロードを返す()" classname="com.wakaba.service.DiscordDigestServiceTest" time="0.006"/>
  <testcase name="buildDigestPayload - contribution があるとき正しいカウントを含む()" classname="com.wakaba.service.DiscordDigestServiceTest" time="0.002"/>
  <system-out><![CDATA[]]></system-out>
  <system-err><![CDATA[]]></system-err>
</testsuite>
