<?xml version="1.0" encoding="UTF-8"?>
<testsuite name="com.wakaba.service.ConfigServiceTest" tests="6" skipped="0" failures="0" errors="0" timestamp="2026-05-02T02:20:14.939Z" hostname="vm" time="0.19">
  <properties/>
  <testcase name="updateDiscordWebhookUrl - null を渡すと webhook URL が null になる()" classname="com.wakaba.service.ConfigServiceTest" time="0.163"/>
  <testcase name="getConfig - discord_webhook_url が null のとき null を返す()" classname="com.wakaba.service.ConfigServiceTest" time="0.002"/>
  <testcase name="getConfig - digest_send_hour が数値でないとき 9 をデフォルトで返す()" classname="com.wakaba.service.ConfigServiceTest" time="0.004"/>
  <testcase name="getConfig - レコードが存在しないとき デフォルト値を返す()" classname="com.wakaba.service.ConfigServiceTest" time="0.003"/>
  <testcase name="updateDiscordWebhookUrl - 正しく update を呼び出し更新後の config を返す()" classname="com.wakaba.service.ConfigServiceTest" time="0.002"/>
  <testcase name="getConfig - discord_webhook_url が設定されている場合に返す()" classname="com.wakaba.service.ConfigServiceTest" time="0.001"/>
  <system-out><![CDATA[]]></system-out>
  <system-err><![CDATA[WARNING: A Java agent has been loaded dynamically (/root/.gradle/caches/modules-2/files-2.1/net.bytebuddy/byte-buddy-agent/1.14.16/4a451ee6484abac3a498df0f3b33ed00a6fced4d/byte-buddy-agent-1.14.16.jar)
WARNING: If a serviceability tool is in use, please run with -XX:+EnableDynamicAgentLoading to hide this warning
WARNING: If a serviceability tool is not in use, please run with -Djdk.instrument.traceUsage for more information
WARNING: Dynamic loading of agents will be disallowed by default in a future release
]]></system-err>
</testsuite>
